2022-04-20 19:10:04 ERROR root:7 - This is an error :(
2022-04-20 19:10:04 WARN  root:8 - This is a warning :|
2022-04-20 19:10:04 DEBUG root:9 - This is a debugging message
2022-04-20 19:10:04 INFO  root:10 - This is an info message
2022-04-20 19:10:04 INFO  root:5 - is this cool
2022-04-20 19:42:54 INFO  main:31 - I AM MAIN
2022-04-20 19:42:54 INFO  anotherMain:31 - I AM ANOTHER MAIN
2022-04-20 19:46:38 INFO  main:31 - I AM MAIN
java.lang.Throwable
	at Utility.LogUtility.info(LogUtility.java:31)
	at main.main(main.java:7)
2022-04-20 19:46:38 INFO  anotherMain:31 - I AM ANOTHER MAIN
java.lang.Throwable
	at Utility.LogUtility.info(LogUtility.java:31)
	at anotherMain.testfunc(anotherMain.java:6)
	at main.main(main.java:8)
2022-04-20 19:48:45 INFO  root:31 - I AM MAIN
2022-04-20 19:48:45 INFO  root:31 - I AM ANOTHER MAIN
2022-04-20 19:50:11 INFO  root: - I AM MAIN
2022-04-20 19:50:11 INFO  root: - I AM ANOTHER MAIN
2022-04-20 19:50:21 INFO  root: - I AM MAIN
2022-04-20 19:50:21 INFO  root: - I AM ANOTHER MAIN
2022-04-20 19:53:58 INFO  main: - 7 - I AM MAIN
2022-04-20 19:53:58 INFO  anotherMain: - 6 - I AM ANOTHER MAIN
2022-04-20 20:04:29 INFO  main: - 7 - I AM MAIN
2022-04-20 20:04:29 INFO  anotherMain: - 6 - I AM ANOTHER MAIN
2022-04-23 19:57:58 INFO  UserController: - 67 - User name has just logged in
2022-04-23 20:03:49 ERROR LogException: - 8 - There was an attemp to log in into user name1 with the wrong credentials
2022-04-23 20:04:51 ERROR LogException: - 8 - There was an attempt to log in into user name1 with the wrong credentials
2022-04-23 20:04:57 INFO  UserController: - 73 - User name has logged in
2022-04-23 20:04:57 ERROR LogException: - 8 - There was an attempt to log in into user name while the user was already logged in
2022-04-23 20:12:11 ERROR LogException: - 8 - There was an attempt to log in into user name with the wrong credentials
2022-04-23 20:12:11 ERROR LogException: - 8 - There was an attempt to log in into user name with the wrong credentials
2022-04-23 20:12:44 ERROR LogException: - 8 - There was an attempt to log in into user name with the wrong credentials
2022-04-23 20:12:44 ERROR LogException: - 8 - There was an attempt to log in into user name with the wrong credentials
2022-04-23 20:19:46 ERROR LogException: - 8 - There was an attempt to log in into user name with the wrong credentials
2022-04-23 20:19:46 ERROR LogException: - 8 - There was an attempt to log in into user name with the wrong credentials
2022-04-23 20:20:02 INFO  UserController: - 36 - A new user named name was created
2022-04-23 20:20:02 INFO  UserController: - 71 - User name has logged in
2022-04-23 20:20:02 ERROR LogException: - 8 - There was an attempt to log in into user name while the user was already logged in
2022-04-23 20:36:31 ERROR LogException: - 8 - There was an attempt to log in into user name with the wrong credentials
2022-04-23 20:36:31 ERROR LogException: - 8 - There was an attempt to log in into user name with the wrong credentials
2022-04-23 20:37:05 ERROR LogException: - 8 - There was an attempt to log in into user name with the wrong credentials
2022-04-23 20:37:05 ERROR LogException: - 8 - There was an attempt to log in into user name with the wrong credentials
2022-04-23 20:37:13 INFO  UserController: - 36 - A new user named name was created
2022-04-23 20:37:13 INFO  UserController: - 71 - User name has logged in
2022-04-23 20:37:13 ERROR LogException: - 8 - There was an attempt to log in into user name while the user was already logged in
2022-04-24 23:10:01 ERROR LogException: - 8 - There was an attempt to log in into user user1 with the wrong credentials
2022-04-24 23:10:01 ERROR LogException: - 8 - There was an attempt to log in into user user with the wrong credentials
2022-04-24 23:10:01 ERROR LogException: - 8 - There was an attempt to log in into user user with the wrong credentials
2022-04-24 23:10:20 ERROR LogException: - 8 - There was an attempt to log in into user user1 with the wrong credentials
2022-04-24 23:10:20 ERROR LogException: - 8 - There was an attempt to log in into user user with the wrong credentials
2022-04-24 23:10:50 ERROR LogException: - 8 - There was an attempt to log in into user user with the wrong credentials
2022-04-24 23:11:39 ERROR LogException: - 8 - There was an attempt to log in into user user1 with the wrong credentials
2022-04-24 23:11:40 ERROR LogException: - 8 - There was an attempt to log in into user user with the wrong credentials
2022-04-24 23:11:52 ERROR LogException: - 8 - There was an attempt to log in into user user with the wrong credentials
2022-04-24 23:12:10 ERROR LogException: - 8 - There was an attempt to log in into user user1 with the wrong credentials
2022-04-24 23:12:10 ERROR LogException: - 8 - There was an attempt to log in into user user with the wrong credentials
2022-04-24 23:12:10 ERROR LogException: - 8 - There was an attempt to log in into user user with the wrong credentials
2022-04-24 23:12:17 ERROR LogException: - 8 - There was an attempt to log in into user user1 with the wrong credentials
2022-04-24 23:12:17 ERROR LogException: - 8 - There was an attempt to log in into user user with the wrong credentials
2022-04-24 23:12:17 ERROR LogException: - 8 - There was an attempt to log in into user user with the wrong credentials
2022-04-24 23:12:44 ERROR LogException: - 8 - There was an attempt to log in into user user1 with the wrong credentials
2022-04-24 23:12:44 ERROR LogException: - 8 - There was an attempt to log in into user user with the wrong credentials
2022-04-24 23:12:44 ERROR LogException: - 8 - There was an attempt to log in into user user with the wrong credentials
2022-04-24 23:13:09 ERROR LogException: - 8 - There was an attempt to log in into user user1 with the wrong credentials
2022-04-24 23:13:09 ERROR LogException: - 8 - There was an attempt to log in into user user with the wrong credentials
2022-04-24 23:13:09 ERROR LogException: - 8 - There was an attempt to log in into user user with the wrong credentials
2022-04-24 23:13:39 ERROR LogException: - 8 - There was an attempt to log in into user user1 with the wrong credentials
2022-04-24 23:13:39 ERROR LogException: - 8 - There was an attempt to log in into user user with the wrong credentials
2022-04-24 23:13:39 ERROR LogException: - 8 - There was an attempt to log in into user user with the wrong credentials
2022-04-24 23:14:34 ERROR LogException: - 8 - There was an attempt to log in into user user1 with the wrong credentials
2022-04-24 23:14:34 ERROR LogException: - 8 - There was an attempt to log in into user user with the wrong credentials
2022-04-24 23:14:34 ERROR LogException: - 8 - There was an attempt to log in into user user with the wrong credentials
2022-04-24 23:15:53 INFO  UserController: - 36 - A new user named user was created
2022-04-24 23:15:53 ERROR LogException: - 8 - There was an attempt to log in into user user1 with the wrong credentials
2022-04-24 23:15:53 ERROR LogException: - 8 - There was an attempt to log in into user user with the wrong credentials
2022-04-24 23:15:53 INFO  UserController: - 71 - User user has logged in
2022-04-24 23:15:53 ERROR LogException: - 8 - There was an attempt to log in into user user while the user was already logged in
2022-04-24 23:23:45 ERROR LogException: - 8 - There was an attempt to log in into user user1 with the wrong credentials
2022-04-24 23:23:45 ERROR LogException: - 8 - There was an attempt to log in into user user with the wrong credentials
2022-04-24 23:23:45 ERROR LogException: - 8 - There was an attempt to log in into user user with the wrong credentials
2022-04-24 23:24:21 ERROR LogException: - 8 - There was an attempt to log in into user user1 with the wrong credentials
2022-04-24 23:24:21 ERROR LogException: - 8 - There was an attempt to log in into user user with the wrong credentials
2022-04-24 23:24:21 ERROR LogException: - 8 - There was an attempt to log in into user user with the wrong credentials
2022-04-24 23:25:28 INFO  UserController: - 36 - A new user named user was created
2022-04-24 23:25:28 ERROR LogException: - 8 - There was an attempt to log in into user user1 with the wrong credentials
2022-04-24 23:25:28 ERROR LogException: - 8 - There was an attempt to log in into user user with the wrong credentials
2022-04-24 23:25:28 INFO  UserController: - 71 - User user has logged in
2022-04-24 23:25:28 ERROR LogException: - 8 - There was an attempt to log in into user user while the user was already logged in
2022-04-24 23:27:42 INFO  UserController: - 36 - A new user named user was created
2022-04-24 23:27:42 ERROR LogException: - 8 - There was an attempt to log in into user user1 with the wrong credentials
2022-04-24 23:27:42 ERROR LogException: - 8 - There was an attempt to log in into user user with the wrong credentials
2022-04-24 23:27:42 ERROR LogException: - 8 - There was an attempt to log in into user null with the wrong credentials
2022-04-24 23:28:11 INFO  UserController: - 36 - A new user named user was created
2022-04-24 23:28:11 ERROR LogException: - 8 - There was an attempt to log in into user user1 with the wrong credentials
2022-04-24 23:28:14 ERROR LogException: - 8 - There was an attempt to log in into user user with the wrong credentials
2022-04-24 23:28:16 ERROR LogException: - 8 - There was an attempt to log in into user null with the wrong credentials
2022-04-24 23:28:18 ERROR LogException: - 8 - There was an attempt to log in into user user with the wrong credentials
2022-04-24 23:28:19 INFO  UserController: - 71 - User user has logged in
2022-04-24 23:28:23 ERROR LogException: - 8 - There was an attempt to log in into user user while the user was already logged in
2022-04-24 23:30:21 INFO  UserController: - 36 - A new user named user was created
2022-04-24 23:30:21 ERROR LogException: - 8 - There was an attempt to log in into user user1 with the wrong credentials
2022-04-24 23:30:21 ERROR LogException: - 8 - There was an attempt to log in into user user with the wrong credentials
2022-04-24 23:30:21 ERROR LogException: - 8 - There was an attempt to log in into user null with the wrong credentials
2022-04-24 23:30:21 ERROR LogException: - 8 - There was an attempt to log in into user user with the wrong credentials
2022-04-24 23:30:21 INFO  UserController: - 71 - User user has logged in
2022-04-24 23:30:21 ERROR LogException: - 8 - There was an attempt to log in into user user while the user was already logged in
